<?xml version="1.0" encoding="UTF-8"?>
<testsuite name="Sign up" tests="1" skipped="0" failures="0" errors="0" timestamp="2021-10-24T08:11:20" hostname="DESKTOP-1I3OO2S" time="61.928">
  <properties/>
  <testcase name="Sign up at website uTest" classname="Sign up" time="61.928"/>
  <system-out><![CDATA[]]></system-out>
  <system-err><![CDATA[[Test worker] WARN net.thucydides.core.steps.BaseStepListener - stepStarted: net.thucydides.core.steps.ExecutedStepDescription@57d57627
[Test worker] WARN net.thucydides.core.steps.BaseStepListener - stepStarted: net.thucydides.core.steps.ExecutedStepDescription@2c64ea3c
[Test worker] WARN net.thucydides.core.steps.BaseStepListener - stepStarted: net.thucydides.core.steps.ExecutedStepDescription@6b44c7b6
oct 24, 2021 3:11:22 AM org.openqa.selenium.remote.DesiredCapabilities chrome
INFORMACIÓN: Using `new ChromeOptions()` is preferred to `DesiredCapabilities.chrome()`
[Test worker] INFO net.serenitybdd.core.webdriver.driverproviders.ProvideNewDriver - Instantiating driver
[Test worker] INFO net.serenitybdd.core.webdriver.driverproviders.ProvideNewDriver - Driver capabilities: Capabilities {acceptInsecureCerts: false, browserName: chrome, chrome.switches: --start-maximized, goog:chromeOptions: {args: [--start-maximized], extensions: []}, loggingPrefs: org.openqa.selenium.logging..., platform: ANY, version: }
Starting ChromeDriver 94.0.4606.41 (333e85df3c9b656b518b5f1add5ff246365b6c24-refs/branch-heads/4606@{#845}) on port 5083
Only local connections are allowed.
Please see https://chromedriver.chromium.org/security-considerations for suggestions on keeping ChromeDriver safe.
ChromeDriver was started successfully.
[1635063088.538][WARNING]: This version of ChromeDriver has not been tested with Chrome version 95.
oct 24, 2021 3:11:29 AM org.openqa.selenium.remote.ProtocolHandshake createSession
INFORMACIÓN: Detected dialect: W3C
[Test worker] WARN net.thucydides.core.steps.BaseStepListener - stepFinished: current outcome:Sign up at website uTest:Given than Juan wants to sign up at website uTest [Juan open up [Juan opens the U test page]]
[Test worker] WARN net.thucydides.core.steps.BaseStepListener - stepFinished: current outcome:Sign up at website uTest:Given than Juan wants to sign up at website uTest [Juan open up [Juan opens the U test page]]
[Test worker] WARN net.thucydides.core.steps.BaseStepListener - stepFinished: current outcome:Sign up at website uTest:Given than Juan wants to sign up at website uTest [Juan open up [Juan opens the U test page]]
[Test worker] WARN net.thucydides.core.steps.BaseStepListener - stepStarted: net.thucydides.core.steps.ExecutedStepDescription@3bfd0841
[Test worker] WARN net.thucydides.core.steps.BaseStepListener - stepStarted: net.thucydides.core.steps.ExecutedStepDescription@4cdbcb0a
[Test worker] WARN net.thucydides.core.steps.BaseStepListener - stepStarted: net.thucydides.core.steps.ExecutedStepDescription@3fcc5868
[Test worker] WARN net.thucydides.core.steps.BaseStepListener - stepFinished: current outcome:Sign up at website uTest:Given than Juan wants to sign up at website uTest [Juan open up [Juan opens the U test page]], When he search, click on the Join Today button and he fills the form to sign up [Juan sign up [Juan clicks on Button that show us the form to sign up]]
[Test worker] WARN net.thucydides.core.steps.BaseStepListener - stepStarted: net.thucydides.core.steps.ExecutedStepDescription@765292f5
[Test worker] WARN net.thucydides.core.steps.BaseStepListener - stepFinished: current outcome:Sign up at website uTest:Given than Juan wants to sign up at website uTest [Juan open up [Juan opens the U test page]], When he search, click on the Join Today button and he fills the form to sign up [Juan sign up [Juan clicks on Button that show us the form to sign up, Juan enters 'Camilo' into Where do we write first name]]
[Test worker] WARN net.thucydides.core.steps.BaseStepListener - stepStarted: net.thucydides.core.steps.ExecutedStepDescription@6cc4c8f3
[Test worker] WARN net.thucydides.core.steps.BaseStepListener - stepFinished: current outcome:Sign up at website uTest:Given than Juan wants to sign up at website uTest [Juan open up [Juan opens the U test page]], When he search, click on the Join Today button and he fills the form to sign up [Juan sign up [Juan clicks on Button that show us the form to sign up, Juan enters 'Camilo' into Where do we write first name, Juan enters 'Giraldo' into Where do we write last name]]
[Test worker] WARN net.thucydides.core.steps.BaseStepListener - stepStarted: net.thucydides.core.steps.ExecutedStepDescription@3895ced8
[Test worker] WARN net.thucydides.core.steps.BaseStepListener - stepFinished: current outcome:Sign up at website uTest:Given than Juan wants to sign up at website uTest [Juan open up [Juan opens the U test page]], When he search, click on the Join Today button and he fills the form to sign up [Juan sign up [Juan clicks on Button that show us the form to sign up, Juan enters 'Camilo' into Where do we write first name, Juan enters 'Giraldo' into Where do we write last name, Juan enters 'juancorrea0623@gmail.com' into Where do we write e-mail address]]
[Test worker] WARN net.thucydides.core.steps.BaseStepListener - stepStarted: net.thucydides.core.steps.ExecutedStepDescription@aabb7fc
[Test worker] WARN net.thucydides.core.steps.BaseStepListener - stepFinished: current outcome:Sign up at website uTest:Given than Juan wants to sign up at website uTest [Juan open up [Juan opens the U test page]], When he search, click on the Join Today button and he fills the form to sign up [Juan sign up [Juan clicks on Button that show us the form to sign up, Juan enters 'Camilo' into Where do we write first name, Juan enters 'Giraldo' into Where do we write last name, Juan enters 'juancorrea0623@gmail.com' into Where do we write e-mail address, Juan select June on Where do we write our birth month]]
[Test worker] WARN net.thucydides.core.steps.BaseStepListener - stepStarted: net.thucydides.core.steps.ExecutedStepDescription@45bc3383
[Test worker] WARN net.thucydides.core.steps.BaseStepListener - stepFinished: current outcome:Sign up at website uTest:Given than Juan wants to sign up at website uTest [Juan open up [Juan opens the U test page]], When he search, click on the Join Today button and he fills the form to sign up [Juan sign up [Juan clicks on Button that show us the form to sign up, Juan enters 'Camilo' into Where do we write first name, Juan enters 'Giraldo' into Where do we write last name, Juan enters 'juancorrea0623@gmail.com' into Where do we write e-mail address, Juan select June on Where do we write our birth month, Juan select 23 on Where do we write our birth day]]
[Test worker] WARN net.thucydides.core.steps.BaseStepListener - stepStarted: net.thucydides.core.steps.ExecutedStepDescription@50fb85ce
[Test worker] WARN net.thucydides.core.steps.BaseStepListener - stepFinished: current outcome:Sign up at website uTest:Given than Juan wants to sign up at website uTest [Juan open up [Juan opens the U test page]], When he search, click on the Join Today button and he fills the form to sign up [Juan sign up [Juan clicks on Button that show us the form to sign up, Juan enters 'Camilo' into Where do we write first name, Juan enters 'Giraldo' into Where do we write last name, Juan enters 'juancorrea0623@gmail.com' into Where do we write e-mail address, Juan select June on Where do we write our birth month, Juan select 23 on Where do we write our birth day, Juan select 1988 on Where do we write our birth day]]
[Test worker] WARN net.thucydides.core.steps.BaseStepListener - stepStarted: net.thucydides.core.steps.ExecutedStepDescription@3c61132d
[Test worker] WARN net.thucydides.core.steps.BaseStepListener - stepFinished: current outcome:Sign up at website uTest:Given than Juan wants to sign up at website uTest [Juan open up [Juan opens the U test page]], When he search, click on the Join Today button and he fills the form to sign up [Juan sign up [Juan clicks on Button that show us the form to sign up, Juan enters 'Camilo' into Where do we write first name, Juan enters 'Giraldo' into Where do we write last name, Juan enters 'juancorrea0623@gmail.com' into Where do we write e-mail address, Juan select June on Where do we write our birth month, Juan select 23 on Where do we write our birth day, Juan select 1988 on Where do we write our birth day, Juan clicks on Button that show us the next step (location) to sign up]]
[Test worker] WARN net.thucydides.core.steps.BaseStepListener - stepStarted: net.thucydides.core.steps.ExecutedStepDescription@d51a56f
[Test worker] WARN net.thucydides.core.steps.BaseStepListener - stepFinished: current outcome:Sign up at website uTest:Given than Juan wants to sign up at website uTest [Juan open up [Juan opens the U test page]], When he search, click on the Join Today button and he fills the form to sign up [Juan sign up [Juan clicks on Button that show us the form to sign up, Juan enters 'Camilo' into Where do we write first name, Juan enters 'Giraldo' into Where do we write last name, Juan enters 'juancorrea0623@gmail.com' into Where do we write e-mail address, Juan select June on Where do we write our birth month, Juan select 23 on Where do we write our birth day, Juan select 1988 on Where do we write our birth day, Juan clicks on Button that show us the next step (location) to sign up, Juan enters '050031' into Where do we write zip]]
[Test worker] WARN net.thucydides.core.steps.BaseStepListener - stepStarted: net.thucydides.core.steps.ExecutedStepDescription@11079dd2
[Test worker] WARN net.thucydides.core.steps.BaseStepListener - stepFinished: current outcome:Sign up at website uTest:Given than Juan wants to sign up at website uTest [Juan open up [Juan opens the U test page]], When he search, click on the Join Today button and he fills the form to sign up [Juan sign up [Juan clicks on Button that show us the form to sign up, Juan enters 'Camilo' into Where do we write first name, Juan enters 'Giraldo' into Where do we write last name, Juan enters 'juancorrea0623@gmail.com' into Where do we write e-mail address, Juan select June on Where do we write our birth month, Juan select 23 on Where do we write our birth day, Juan select 1988 on Where do we write our birth day, Juan clicks on Button that show us the next step (location) to sign up, Juan enters '050031' into Where do we write zip, Juan clicks on Button that show us the next step (devices) to sign up]]
[Test worker] WARN net.thucydides.core.steps.BaseStepListener - stepStarted: net.thucydides.core.steps.ExecutedStepDescription@39f2b2a7
[Test worker] WARN net.thucydides.core.steps.BaseStepListener - stepFinished: current outcome:Sign up at website uTest:Given than Juan wants to sign up at website uTest [Juan open up [Juan opens the U test page]], When he search, click on the Join Today button and he fills the form to sign up [Juan sign up [Juan clicks on Button that show us the form to sign up, Juan enters 'Camilo' into Where do we write first name, Juan enters 'Giraldo' into Where do we write last name, Juan enters 'juancorrea0623@gmail.com' into Where do we write e-mail address, Juan select June on Where do we write our birth month, Juan select 23 on Where do we write our birth day, Juan select 1988 on Where do we write our birth day, Juan clicks on Button that show us the next step (location) to sign up, Juan enters '050031' into Where do we write zip, Juan clicks on Button that show us the next step (devices) to sign up, Juan clicks on Button that show us the next step (password) to sign up]]
[Test worker] WARN net.thucydides.core.steps.BaseStepListener - stepStarted: net.thucydides.core.steps.ExecutedStepDescription@43b1d81d
[Test worker] WARN net.thucydides.core.steps.BaseStepListener - stepFinished: current outcome:Sign up at website uTest:Given than Juan wants to sign up at website uTest [Juan open up [Juan opens the U test page]], When he search, click on the Join Today button and he fills the form to sign up [Juan sign up [Juan clicks on Button that show us the form to sign up, Juan enters 'Camilo' into Where do we write first name, Juan enters 'Giraldo' into Where do we write last name, Juan enters 'juancorrea0623@gmail.com' into Where do we write e-mail address, Juan select June on Where do we write our birth month, Juan select 23 on Where do we write our birth day, Juan select 1988 on Where do we write our birth day, Juan clicks on Button that show us the next step (location) to sign up, Juan enters '050031' into Where do we write zip, Juan clicks on Button that show us the next step (devices) to sign up, Juan clicks on Button that show us the next step (password) to sign up, Juan enters 'HelloWorld2022' into Where do we write password]]
[Test worker] WARN net.thucydides.core.steps.BaseStepListener - stepStarted: net.thucydides.core.steps.ExecutedStepDescription@6f124048
[Test worker] WARN net.thucydides.core.steps.BaseStepListener - stepFinished: current outcome:Sign up at website uTest:Given than Juan wants to sign up at website uTest [Juan open up [Juan opens the U test page]], When he search, click on the Join Today button and he fills the form to sign up [Juan sign up [Juan clicks on Button that show us the form to sign up, Juan enters 'Camilo' into Where do we write first name, Juan enters 'Giraldo' into Where do we write last name, Juan enters 'juancorrea0623@gmail.com' into Where do we write e-mail address, Juan select June on Where do we write our birth month, Juan select 23 on Where do we write our birth day, Juan select 1988 on Where do we write our birth day, Juan clicks on Button that show us the next step (location) to sign up, Juan enters '050031' into Where do we write zip, Juan clicks on Button that show us the next step (devices) to sign up, Juan clicks on Button that show us the next step (password) to sign up, Juan enters 'HelloWorld2022' into Where do we write password, Juan enters 'HelloWorld2022' into Where do we write confirm password]]
[Test worker] WARN net.thucydides.core.steps.BaseStepListener - stepStarted: net.thucydides.core.steps.ExecutedStepDescription@7783da2d
[Test worker] WARN net.thucydides.core.steps.BaseStepListener - stepFinished: current outcome:Sign up at website uTest:Given than Juan wants to sign up at website uTest [Juan open up [Juan opens the U test page]], When he search, click on the Join Today button and he fills the form to sign up [Juan sign up [Juan clicks on Button that show us the form to sign up, Juan enters 'Camilo' into Where do we write first name, Juan enters 'Giraldo' into Where do we write last name, Juan enters 'juancorrea0623@gmail.com' into Where do we write e-mail address, Juan select June on Where do we write our birth month, Juan select 23 on Where do we write our birth day, Juan select 1988 on Where do we write our birth day, Juan clicks on Button that show us the next step (location) to sign up, Juan enters '050031' into Where do we write zip, Juan clicks on Button that show us the next step (devices) to sign up, Juan clicks on Button that show us the next step (password) to sign up, Juan enters 'HelloWorld2022' into Where do we write password, Juan enters 'HelloWorld2022' into Where do we write confirm password, Juan clicks on Checkbox to verify if we accept terms of use]]
[Test worker] WARN net.thucydides.core.steps.BaseStepListener - stepStarted: net.thucydides.core.steps.ExecutedStepDescription@362bb48b
[Test worker] WARN net.thucydides.core.steps.BaseStepListener - stepFinished: current outcome:Sign up at website uTest:Given than Juan wants to sign up at website uTest [Juan open up [Juan opens the U test page]], When he search, click on the Join Today button and he fills the form to sign up [Juan sign up [Juan clicks on Button that show us the form to sign up, Juan enters 'Camilo' into Where do we write first name, Juan enters 'Giraldo' into Where do we write last name, Juan enters 'juancorrea0623@gmail.com' into Where do we write e-mail address, Juan select June on Where do we write our birth month, Juan select 23 on Where do we write our birth day, Juan select 1988 on Where do we write our birth day, Juan clicks on Button that show us the next step (location) to sign up, Juan enters '050031' into Where do we write zip, Juan clicks on Button that show us the next step (devices) to sign up, Juan clicks on Button that show us the next step (password) to sign up, Juan enters 'HelloWorld2022' into Where do we write password, Juan enters 'HelloWorld2022' into Where do we write confirm password, Juan clicks on Checkbox to verify if we accept terms of use, Juan clicks on Checkbox to verify if we accept terms of use]]
[Test worker] WARN net.thucydides.core.steps.BaseStepListener - stepStarted: net.thucydides.core.steps.ExecutedStepDescription@39e4972c
[Test worker] WARN net.thucydides.core.steps.BaseStepListener - stepFinished: current outcome:Sign up at website uTest:Given than Juan wants to sign up at website uTest [Juan open up [Juan opens the U test page]], When he search, click on the Join Today button and he fills the form to sign up [Juan sign up [Juan clicks on Button that show us the form to sign up, Juan enters 'Camilo' into Where do we write first name, Juan enters 'Giraldo' into Where do we write last name, Juan enters 'juancorrea0623@gmail.com' into Where do we write e-mail address, Juan select June on Where do we write our birth month, Juan select 23 on Where do we write our birth day, Juan select 1988 on Where do we write our birth day, Juan clicks on Button that show us the next step (location) to sign up, Juan enters '050031' into Where do we write zip, Juan clicks on Button that show us the next step (devices) to sign up, Juan clicks on Button that show us the next step (password) to sign up, Juan enters 'HelloWorld2022' into Where do we write password, Juan enters 'HelloWorld2022' into Where do we write confirm password, Juan clicks on Checkbox to verify if we accept terms of use, Juan clicks on Checkbox to verify if we accept terms of use, Juan clicks on Button that show us to complete the sign up]]
[Test worker] WARN net.thucydides.core.steps.BaseStepListener - stepFinished: current outcome:Sign up at website uTest:Given than Juan wants to sign up at website uTest [Juan open up [Juan opens the U test page]], When he search, click on the Join Today button and he fills the form to sign up [Juan sign up [Juan clicks on Button that show us the form to sign up, Juan enters 'Camilo' into Where do we write first name, Juan enters 'Giraldo' into Where do we write last name, Juan enters 'juancorrea0623@gmail.com' into Where do we write e-mail address, Juan select June on Where do we write our birth month, Juan select 23 on Where do we write our birth day, Juan select 1988 on Where do we write our birth day, Juan clicks on Button that show us the next step (location) to sign up, Juan enters '050031' into Where do we write zip, Juan clicks on Button that show us the next step (devices) to sign up, Juan clicks on Button that show us the next step (password) to sign up, Juan enters 'HelloWorld2022' into Where do we write password, Juan enters 'HelloWorld2022' into Where do we write confirm password, Juan clicks on Checkbox to verify if we accept terms of use, Juan clicks on Checkbox to verify if we accept terms of use, Juan clicks on Button that show us to complete the sign up]]
[Test worker] WARN net.thucydides.core.steps.BaseStepListener - stepFinished: current outcome:Sign up at website uTest:Given than Juan wants to sign up at website uTest [Juan open up [Juan opens the U test page]], When he search, click on the Join Today button and he fills the form to sign up [Juan sign up [Juan clicks on Button that show us the form to sign up, Juan enters 'Camilo' into Where do we write first name, Juan enters 'Giraldo' into Where do we write last name, Juan enters 'juancorrea0623@gmail.com' into Where do we write e-mail address, Juan select June on Where do we write our birth month, Juan select 23 on Where do we write our birth day, Juan select 1988 on Where do we write our birth day, Juan clicks on Button that show us the next step (location) to sign up, Juan enters '050031' into Where do we write zip, Juan clicks on Button that show us the next step (devices) to sign up, Juan clicks on Button that show us the next step (password) to sign up, Juan enters 'HelloWorld2022' into Where do we write password, Juan enters 'HelloWorld2022' into Where do we write confirm password, Juan clicks on Checkbox to verify if we accept terms of use, Juan clicks on Checkbox to verify if we accept terms of use, Juan clicks on Button that show us to complete the sign up]]
[Test worker] WARN net.thucydides.core.steps.BaseStepListener - stepStarted: net.thucydides.core.steps.ExecutedStepDescription@432cb6f6
[Test worker] WARN net.thucydides.core.steps.BaseStepListener - stepFinished: current outcome:Sign up at website uTest:Given than Juan wants to sign up at website uTest [Juan open up [Juan opens the U test page]], When he search, click on the Join Today button and he fills the form to sign up [Juan sign up [Juan clicks on Button that show us the form to sign up, Juan enters 'Camilo' into Where do we write first name, Juan enters 'Giraldo' into Where do we write last name, Juan enters 'juancorrea0623@gmail.com' into Where do we write e-mail address, Juan select June on Where do we write our birth month, Juan select 23 on Where do we write our birth day, Juan select 1988 on Where do we write our birth day, Juan clicks on Button that show us the next step (location) to sign up, Juan enters '050031' into Where do we write zip, Juan clicks on Button that show us the next step (devices) to sign up, Juan clicks on Button that show us the next step (password) to sign up, Juan enters 'HelloWorld2022' into Where do we write password, Juan enters 'HelloWorld2022' into Where do we write confirm password, Juan clicks on Checkbox to verify if we accept terms of use, Juan clicks on Checkbox to verify if we accept terms of use, Juan clicks on Button that show us to complete the sign up]], Then he finds if the user exists
[Test worker] WARN net.thucydides.core.steps.BaseStepListener - testFinished: Sign up at website uTest:Given than Juan wants to sign up at website uTest [Juan open up [Juan opens the U test page]], When he search, click on the Join Today button and he fills the form to sign up [Juan sign up [Juan clicks on Button that show us the form to sign up, Juan enters 'Camilo' into Where do we write first name, Juan enters 'Giraldo' into Where do we write last name, Juan enters 'juancorrea0623@gmail.com' into Where do we write e-mail address, Juan select June on Where do we write our birth month, Juan select 23 on Where do we write our birth day, Juan select 1988 on Where do we write our birth day, Juan clicks on Button that show us the next step (location) to sign up, Juan enters '050031' into Where do we write zip, Juan clicks on Button that show us the next step (devices) to sign up, Juan clicks on Button that show us the next step (password) to sign up, Juan enters 'HelloWorld2022' into Where do we write password, Juan enters 'HelloWorld2022' into Where do we write confirm password, Juan clicks on Checkbox to verify if we accept terms of use, Juan clicks on Checkbox to verify if we accept terms of use, Juan clicks on Button that show us to complete the sign up]], Then he finds if the user exists
[Test worker] WARN net.thucydides.core.steps.BaseStepListener - TestOutcomes: [Sign up at website uTest:Given than Juan wants to sign up at website uTest [Juan open up [Juan opens the U test page]], When he search, click on the Join Today button and he fills the form to sign up [Juan sign up [Juan clicks on Button that show us the form to sign up, Juan enters 'Camilo' into Where do we write first name, Juan enters 'Giraldo' into Where do we write last name, Juan enters 'juancorrea0623@gmail.com' into Where do we write e-mail address, Juan select June on Where do we write our birth month, Juan select 23 on Where do we write our birth day, Juan select 1988 on Where do we write our birth day, Juan clicks on Button that show us the next step (location) to sign up, Juan enters '050031' into Where do we write zip, Juan clicks on Button that show us the next step (devices) to sign up, Juan clicks on Button that show us the next step (password) to sign up, Juan enters 'HelloWorld2022' into Where do we write password, Juan enters 'HelloWorld2022' into Where do we write confirm password, Juan clicks on Checkbox to verify if we accept terms of use, Juan clicks on Checkbox to verify if we accept terms of use, Juan clicks on Button that show us to complete the sign up]], Then he finds if the user exists]
[Test worker] WARN net.thucydides.core.steps.BaseStepListener - Final testOutcomes: [Sign up at website uTest:Given than Juan wants to sign up at website uTest [Juan open up [Juan opens the U test page]], When he search, click on the Join Today button and he fills the form to sign up [Juan sign up [Juan clicks on Button that show us the form to sign up, Juan enters 'Camilo' into Where do we write first name, Juan enters 'Giraldo' into Where do we write last name, Juan enters 'juancorrea0623@gmail.com' into Where do we write e-mail address, Juan select June on Where do we write our birth month, Juan select 23 on Where do we write our birth day, Juan select 1988 on Where do we write our birth day, Juan clicks on Button that show us the next step (location) to sign up, Juan enters '050031' into Where do we write zip, Juan clicks on Button that show us the next step (devices) to sign up, Juan clicks on Button that show us the next step (password) to sign up, Juan enters 'HelloWorld2022' into Where do we write password, Juan enters 'HelloWorld2022' into Where do we write confirm password, Juan clicks on Checkbox to verify if we accept terms of use, Juan clicks on Checkbox to verify if we accept terms of use, Juan clicks on Button that show us to complete the sign up]], Then he finds if the user exists]
[Test worker] INFO net.thucydides.core.steps.ConsoleLoggingListener - 
        __    _____ _____ ____ _____   ____   _    ____  ____  _____ ____  
  _     \ \  |_   _| ____/ ___|_   _| |  _ \ / \  / ___|/ ___|| ____|  _ \ 
 (_)_____| |   | | |  _| \___ \ | |   | |_) / _ \ \___ \\___ \|  _| | | | |
  _|_____| |   | | | |___ ___) || |   |  __/ ___ \ ___) |___) | |___| |_| |
 (_)     | |   |_| |_____|____/ |_|   |_| /_/   \_\____/|____/|_____|____/ 
        /_/                                                                

TEST PASSED: Sign up at website uTest
----------------------------------------------------------------------------
]]></system-err>
</testsuite>
